<?xml version="1.0" encoding="UTF-8"?>
<testng-results skipped="0" failed="0" total="1" passed="1">
  <reporter-output>
  </reporter-output>
  <suite name="Suite" duration-ms="96310" started-at="2020-11-04T07:50:10Z" finished-at="2020-11-04T07:51:46Z">
    <groups>
      <group name="cucumber">
        <method signature="TestRunner.feature(cucumber.api.testng.CucumberFeatureWrapper)[pri:0, instance:com.cucumberframework.runner.TestRunner@7ff2a664]" name="feature" class="com.cucumberframework.runner.TestRunner"/>
      </group> <!-- cucumber -->
    </groups>
    <test name="Regression Test" duration-ms="96310" started-at="2020-11-04T07:50:10Z" finished-at="2020-11-04T07:51:46Z">
      <class name="com.cucumberframework.runner.TestRunner">
        <test-method status="PASS" signature="setUpClass()[pri:0, instance:com.cucumberframework.runner.TestRunner@7ff2a664]" name="setUpClass" is-config="true" duration-ms="160" started-at="2020-11-04T13:20:10Z" finished-at="2020-11-04T13:20:10Z">
          <reporter-output>
          </reporter-output>
        </test-method> <!-- setUpClass -->
        <test-method status="PASS" signature="feature(cucumber.api.testng.CucumberFeatureWrapper)[pri:0, instance:com.cucumberframework.runner.TestRunner@7ff2a664]" name="feature" duration-ms="96065" started-at="2020-11-04T13:20:10Z" description="Runs cucmber Features" data-provider="features" finished-at="2020-11-04T13:21:46Z">
          <params>
            <param index="0">
              <value>
                <![CDATA[Login as a Inpatient Ward and Creation of New Service type.]]>
              </value>
            </param>
          </params>
          <reporter-output>
          </reporter-output>
        </test-method> <!-- feature -->
        <test-method status="PASS" signature="testDownClass()[pri:0, instance:com.cucumberframework.runner.TestRunner@7ff2a664]" name="testDownClass" is-config="true" duration-ms="20" started-at="2020-11-04T13:21:46Z" finished-at="2020-11-04T13:21:46Z">
          <reporter-output>
          </reporter-output>
        </test-method> <!-- testDownClass -->
      </class> <!-- com.cucumberframework.runner.TestRunner -->
    </test> <!-- Regression Test -->
  </suite> <!-- Suite -->
</testng-results>
