<?xml version="1.0" encoding="UTF-8"?>
<testng-results skipped="0" failed="0" total="1" passed="1">
  <reporter-output>
  </reporter-output>
  <suite name="Suite" duration-ms="127855" started-at="2020-11-04T07:40:47Z" finished-at="2020-11-04T07:42:55Z">
    <groups>
      <group name="cucumber">
        <method signature="TestRunner.feature(cucumber.api.testng.CucumberFeatureWrapper)[pri:0, instance:com.cucumberframework.runner.TestRunner@7995092a]" name="feature" class="com.cucumberframework.runner.TestRunner"/>
      </group> <!-- cucumber -->
    </groups>
    <test name="Regression Test" duration-ms="127855" started-at="2020-11-04T07:40:47Z" finished-at="2020-11-04T07:42:55Z">
      <class name="com.cucumberframework.runner.TestRunner">
        <test-method status="PASS" signature="setUpClass()[pri:0, instance:com.cucumberframework.runner.TestRunner@7995092a]" name="setUpClass" is-config="true" duration-ms="176" started-at="2020-11-04T13:10:47Z" finished-at="2020-11-04T13:10:48Z">
          <reporter-output>
          </reporter-output>
        </test-method> <!-- setUpClass -->
        <test-method status="PASS" signature="feature(cucumber.api.testng.CucumberFeatureWrapper)[pri:0, instance:com.cucumberframework.runner.TestRunner@7995092a]" name="feature" duration-ms="127589" started-at="2020-11-04T13:10:48Z" description="Runs cucmber Features" data-provider="features" finished-at="2020-11-04T13:12:55Z">
          <params>
            <param index="0">
              <value>
                <![CDATA[Login as a Inpatient Ward and Creation of New Service type.]]>
              </value>
            </param>
          </params>
          <reporter-output>
          </reporter-output>
        </test-method> <!-- feature -->
        <test-method status="PASS" signature="testDownClass()[pri:0, instance:com.cucumberframework.runner.TestRunner@7995092a]" name="testDownClass" is-config="true" duration-ms="20" started-at="2020-11-04T13:12:55Z" finished-at="2020-11-04T13:12:55Z">
          <reporter-output>
          </reporter-output>
        </test-method> <!-- testDownClass -->
      </class> <!-- com.cucumberframework.runner.TestRunner -->
    </test> <!-- Regression Test -->
  </suite> <!-- Suite -->
</testng-results>
